Connected to database!
Tables created
Connection closed
epoch 0 | loss 3326.4703
epoch 1 | loss 2790.2601
epoch 2 | loss 2449.0563
in convertedNotes
midi testttttttttttttttttttttttt
message:  note_off 71 0 1
message:  note_off 64 0 0
message:  note_off 62 0 0
message:  note_off 59 0 0
message:  note_off 43 0 0
message:  note_off 52 0 0
message:  note_off 55 0 0
message:  note_off 59 0 0
message:  note_off 67 0 0
message:  note_off 64 0 0
message:  note_off 71 0 0
message:  note_off 74 0 0
message:  note_off 40 0 0
message:  note_off 79 0 0
message:  note_off 81 0 0
message:  note_off 74 0 0
message:  note_off 76 0 0
message:  note_off 93 0 0
message:  note_off 76 0 0
message:  note_off 91 0 0
message:  note_off 86 0 0
message:  note_off 100 0 0
message:  note_off 88 0 0
message:  note_off 79 0 0
message:  note_off 86 0 0
message:  note_off 76 0 0
message:  note_off 84 0 0
message:  note_off 76 0 0
message:  note_off 72 0 0
message:  note_off 67 0 0
message:  note_off 67 0 0
message:  note_off 64 0 0
message:  note_off 67 0 0
message:  note_off 62 0 0
message:  note_off 64 0 0
message:  note_off 28 0 0
message:  note_off 52 0 0
message:  note_off 43 0 0
message:  note_off 57 0 0
message:  note_off 48 0 0
message:  note_off 52 0 0
message:  note_off 67 0 0
message:  note_off 60 0 0
message:  note_off 76 0 0
message:  note_off 48 0 0
message:  note_off 55 0 0
message:  note_off 24 0 0
message:  note_off 64 0 0
message:  note_off 60 0 0
message:  note_off 79 0 0
message:  note_off 72 0 0
message:  note_off 76 0 0
message:  note_off 72 0 0
message:  note_off 91 0 0
message:  note_off 72 0 0
message:  note_off 40 0 0
message:  note_off 24 0 0
message:  note_off 77 0 0
message:  note_off 72 0 0
message:  note_off 65 0 0
message:  note_off 60 0 0
message:  note_off 64 0 0
message:  note_off 49 0 0
message:  note_off 48 0 0
message:  note_off 53 0 0
message:  note_off 52 0 0
message:  note_off 48 0 0
message:  note_off 55 0 0
message:  note_off 48 0 0
message:  note_off 53 0 0
message:  note_off 67 0 0
message:  note_off 72 0 0
message:  note_off 52 0 0
message:  note_off 60 0 0
message:  note_off 55 0 0
message:  note_off 48 0 0
message:  note_off 55 0 0
message:  note_off 36 0 0
message:  note_off 52 0 0
message:  note_off 48 0 0
message:  note_off 55 0 0
message:  note_off 60 0 0
message:  note_off 52 0 0
message:  note_off 55 0 0
message:  note_off 60 0 0
message:  note_off 65 0 0
message:  note_off 60 0 0
message:  note_off 60 0 0
message:  note_off 67 0 0
message:  note_off 60 0 0
message:  note_off 53 0 0
message:  note_off 48 0 0
message:  note_off 53 0 0
message:  note_off 60 0 0
message:  note_off 65 0 0
message:  note_off 60 0 0
message:  note_off 53 0 0
message:  note_off 48 0 0
message:  note_off 55 0 0
message:  note_off 60 0 0
message:  note_off 41 0 0
message:  note_off 48 0 0
message:  note_off 53 0 0
message:  note_off 48 0 0
message:  note_off 57 0 0
message:  note_off 48 0 0
message:  note_off 48 0 0
message:  note_off 55 0 0
message:  note_off 48 0 0
message:  note_off 55 0 0
message:  note_off 36 0 0
message:  note_off 55 0 0
message:  note_off 68 0 0
message:  note_off 65 0 0
message:  note_off 72 0 0
message:  note_off 77 0 0
message:  note_off 72 0 0
message:  note_off 77 0 0
message:  note_off 72 0 0
message:  note_off 80 0 0
message:  note_off 72 0 0
message:  note_off 89 0 0
message:  note_off 84 0 0
message:  note_off 89 0 0
message:  note_off 84 0 0
message:  note_off 76 0 0
message:  note_off 84 0 0
message:  note_off 91 0 0
message:  note_off 96 0 0
message:  note_off 100 0 0
message:  note_off 72 0 0
message:  note_off 94 0 0
message:  note_off 84 0 0
message:  note_off 79 0 0
message:  note_off 72 0 0
message:  note_off 76 0 0
message:  note_off 60 0 0
message:  note_off 79 0 0
message:  note_off 72 0 0
message:  note_off 76 0 0
message:  note_off 72 0 0
message:  note_off 67 0 0
message:  note_off 60 0 0
message:  note_off 53 0 0
message:  note_off 48 0 0
message:  note_off 55 0 0
message:  note_off 60 0 0
message:  note_off 52 0 0
message:  note_off 60 0 0
message:  note_off 55 0 0
message:  note_off 36 0 0
message:  note_off 52 0 0
message:  note_off 55 0 0
message:  note_off 60 0 0
message:  note_off 28 0 0
message:  note_off 60 0 0
message:  note_off 67 0 0
message:  note_off 76 0 0
message:  note_off 72 0 0
message:  note_off 76 0 0
message:  note_off 84 0 0
message:  note_off 91 0 0
message:  note_off 84 0 0
message:  note_off 91 0 0
message:  note_off 84 0 0
message:  note_off 100 0 0
message:  note_off 96 0 0
message:  note_off 28 0 0
message:  note_off 24 0 0
message:  note_off 91 0 0
message:  note_off 102 0 0
message:  note_off 84 0 0
message:  note_off 88 0 0
message:  note_off 84 0 0
message:  note_off 79 0 0
message:  note_off 72 0 0
message:  note_off 79 0 0
message:  note_off 72 0 0
message:  note_off 64 0 0
message:  note_off 60 0 0
message:  note_off 67 0 0
message:  note_off 60 0 0
message:  note_off 52 0 0
message:  note_off 55 0 0
message:  note_off 48 0 0
message:  note_off 33 0 0
message:  note_off 33 0 0
message:  note_off 24 0 0
message:  note_off 88 0 0
message:  note_off 72 0 0
message:  note_off 79 0 0
message:  note_off 84 0 0
message:  note_off 88 0 0
message:  note_off 72 0 0
message:  note_off 79 0 0
message:  note_off 60 0 0
message:  note_off 76 0 0
message:  note_off 60 0 0
message:  note_off 67 0 0
message:  note_off 60 0 0
message:  note_on 71 90 119
message:  note_on 64 90 120
message:  note_on 62 90 60
message:  note_on 59 90 120
message:  note_on 43 60 180
message:  note_on 52 75 180
message:  note_on 55 60 0
message:  note_on 59 75 180
message:  note_on 67 75 120
message:  note_on 64 75 120
message:  note_on 71 90 120
message:  note_on 74 90 120
message:  note_on 40 90 120
message:  note_on 79 90 0
message:  note_on 81 90 120
message:  note_on 74 90 120
message:  note_on 76 90 120
message:  note_on 93 90 120
message:  note_on 76 90 120
message:  note_on 91 90 120
message:  note_on 86 90 120
message:  note_on 100 90 960
message:  note_on 88 90 60
message:  note_on 79 105 120
message:  note_on 86 90 120
message:  note_on 76 90 120
message:  note_on 84 90 120
message:  note_on 76 75 120
message:  note_on 72 75 120
message:  note_on 67 75 120
message:  note_on 67 75 120
message:  note_on 64 90 120
message:  note_on 67 75 120
message:  note_on 62 90 120
message:  note_on 64 75 120
message:  note_on 28 75 60
message:  note_on 52 75 0
message:  note_on 43 75 180
message:  note_on 57 60 180
message:  note_on 48 75 120
message:  note_on 52 90 120
message:  note_on 67 90 120
message:  note_on 60 75 120
message:  note_on 76 75 120
message:  note_on 48 75 120
message:  note_on 55 90 120
message:  note_on 24 75 120
message:  note_on 64 90 120
message:  note_on 60 90 120
message:  note_on 79 90 120
message:  note_on 72 90 120
message:  note_on 76 90 120
message:  note_on 72 90 120
message:  note_on 91 105 120
message:  note_on 72 90 120
message:  note_on 40 90 120
message:  note_on 24 90 120
message:  note_on 77 90 180
message:  note_on 72 90 120
message:  note_on 65 90 120
message:  note_on 60 90 120
message:  note_on 64 90 120
message:  note_on 49 90 120
message:  note_on 48 90 120
message:  note_on 53 90 120
message:  note_on 52 90 120
message:  note_on 48 90 120
message:  note_on 55 90 120
message:  note_on 48 90 120
message:  note_on 53 90 120
message:  note_on 67 90 120
message:  note_on 72 90 60
message:  note_on 52 90 120
message:  note_on 60 90 120
message:  note_on 55 90 120
message:  note_on 48 90 120
message:  note_on 55 90 120
message:  note_on 36 90 120
message:  note_on 52 105 0
message:  note_on 48 90 120
message:  note_on 55 90 120
message:  note_on 60 90 120
message:  note_on 52 90 120
message:  note_on 55 90 120
message:  note_on 60 75 120
message:  note_on 65 90 120
message:  note_on 60 90 120
message:  note_on 60 90 120
message:  note_on 67 90 120
message:  note_on 60 90 120
message:  note_on 53 90 120
message:  note_on 48 90 120
message:  note_on 53 90 120
message:  note_on 60 90 120
message:  note_on 65 90 120
message:  note_on 60 90 120
message:  note_on 53 90 120
message:  note_on 48 75 120
message:  note_on 55 90 120
message:  note_on 60 90 120
message:  note_on 41 90 120
message:  note_on 48 90 120
message:  note_on 53 90 120
message:  note_on 48 90 120
message:  note_on 57 75 120
message:  note_on 48 90 120
message:  note_on 48 90 120
message:  note_on 55 90 120
message:  note_on 48 90 0
message:  note_on 55 90 120
message:  note_on 36 90 60
message:  note_on 55 105 60
message:  note_on 68 90 120
message:  note_on 65 90 120
message:  note_on 72 90 120
message:  note_on 77 90 60
message:  note_on 72 90 120
message:  note_on 77 90 60
message:  note_on 72 105 120
message:  note_on 80 90 120
message:  note_on 72 90 120
message:  note_on 89 90 120
message:  note_on 84 90 120
message:  note_on 89 90 120
message:  note_on 84 75 120
message:  note_on 76 75 120
message:  note_on 84 75 120
message:  note_on 91 90 120
message:  note_on 96 75 120
message:  note_on 100 90 180
message:  note_on 72 90 60
message:  note_on 94 90 120
message:  note_on 84 75 120
message:  note_on 79 75 180
message:  note_on 72 75 120
message:  note_on 76 90 120
message:  note_on 60 75 120
message:  note_on 79 75 120
message:  note_on 72 75 120
message:  note_on 76 75 120
message:  note_on 72 75 120
message:  note_on 67 75 60
message:  note_on 60 75 120
message:  note_on 53 60 120
message:  note_on 48 60 0
message:  note_on 55 60 120
message:  note_on 60 60 120
message:  note_on 52 60 120
message:  note_on 60 60 120
message:  note_on 55 60 120
message:  note_on 36 60 120
message:  note_on 52 90 120
message:  note_on 55 60 120
message:  note_on 60 75 120
message:  note_on 28 75 120
message:  note_on 60 90 120
message:  note_on 67 90 120
message:  note_on 76 90 120
message:  note_on 72 90 120
message:  note_on 76 90 180
message:  note_on 84 90 120
message:  note_on 91 90 120
message:  note_on 84 90 120
message:  note_on 91 90 120
message:  note_on 84 75 120
message:  note_on 100 90 120
message:  note_on 96 75 120
message:  note_on 28 75 120
message:  note_on 24 60 0
message:  note_on 91 75 0
message:  note_on 102 75 120
message:  note_on 84 90 120
message:  note_on 88 75 120
message:  note_on 84 75 120
message:  note_on 79 75 120
message:  note_on 72 75 120
message:  note_on 79 90 120
message:  note_on 72 60 120
message:  note_on 64 90 120
message:  note_on 60 90 120
message:  note_on 67 90 120
message:  note_on 60 90 120
message:  note_on 52 75 120
message:  note_on 55 75 60
message:  note_on 48 75 120
message:  note_on 33 90 120
message:  note_on 33 90 0
message:  note_on 24 75 120
message:  note_on 88 90 180
message:  note_on 72 90 120
message:  note_on 79 90 120
message:  note_on 84 90 120
message:  note_on 88 90 120
message:  note_on 72 75 120
message:  note_on 79 75 120
message:  note_on 60 75 180
message:  note_on 76 75 180
message:  note_on 60 60 180
message:  note_on 67 90 180
message:  note_on 60 75 120
saved: midiRNN1.mid
